<?xml version="1.0" encoding="UTF-8"?>
<testsuites>
  <testsuite name="JTL Connector Testsuite" tests="35" assertions="58" failures="0" errors="0" time="0.101717">
    <testsuite name="ApplicationTest" file="/home/dsp/Projects/jtlconnector/tests/jtltest/Connector/Application/ApplicationTest.php" tests="1" assertions="1" failures="0" errors="0" time="0.001254">
      <testcase name="testDefault" class="ApplicationTest" file="/home/dsp/Projects/jtlconnector/tests/jtltest/Connector/Application/ApplicationTest.php" line="9" assertions="1" time="0.001254"/>
    </testsuite>
    <testsuite name="BaseTest" file="/home/dsp/Projects/jtlconnector/tests/jtltest/Connector/Feature/Base/BaseclassTest.php" tests="1" assertions="2" failures="0" errors="0" time="0.006486">
      <testcase name="testSetName" class="BaseTest" file="/home/dsp/Projects/jtlconnector/tests/jtltest/Connector/Feature/Base/BaseclassTest.php" line="20" assertions="2" time="0.006486"/>
    </testsuite>
    <testsuite name="FeatureExistTest" file="/home/dsp/Projects/jtlconnector/tests/jtltest/Connector/Feature/Exception/FeatureExistTest.php" tests="1" assertions="1" failures="0" errors="0" time="0.001661">
      <testcase name="testDefault" class="FeatureExistTest" file="/home/dsp/Projects/jtlconnector/tests/jtltest/Connector/Feature/Exception/FeatureExistTest.php" line="10" assertions="1" time="0.001661"/>
    </testsuite>
    <testsuite name="WawiTest" file="/home/dsp/Projects/jtlconnector/tests/jtltest/Connector/Feature/Exporter/WawiTest.php" tests="1" assertions="3" failures="0" errors="0" time="0.005320">
      <testcase name="testExport" class="WawiTest" file="/home/dsp/Projects/jtlconnector/tests/jtltest/Connector/Feature/Exporter/WawiTest.php" line="33" assertions="3" time="0.005320"/>
    </testsuite>
    <testsuite name="FeatureTest" file="/home/dsp/Projects/jtlconnector/tests/jtltest/Connector/Feature/Feature/FeatureTest.php" tests="5" assertions="4" failures="0" errors="0" time="0.004362">
      <testcase name="testAddMethod" class="FeatureTest" file="/home/dsp/Projects/jtlconnector/tests/jtltest/Connector/Feature/Feature/FeatureTest.php" line="17" assertions="1" time="0.001446"/>
      <testcase name="testAddExistingMethod" class="FeatureTest" file="/home/dsp/Projects/jtlconnector/tests/jtltest/Connector/Feature/Feature/FeatureTest.php" line="27" assertions="1" time="0.000997"/>
      <testcase name="testGetNotexistingMethod" class="FeatureTest" file="/home/dsp/Projects/jtlconnector/tests/jtltest/Connector/Feature/Feature/FeatureTest.php" line="37" assertions="1" time="0.000684"/>
      <testcase name="testDelMethod" class="FeatureTest" file="/home/dsp/Projects/jtlconnector/tests/jtltest/Connector/Feature/Feature/FeatureTest.php" line="42" assertions="0" time="0.000552"/>
      <testcase name="testDelNotexistingMethod" class="FeatureTest" file="/home/dsp/Projects/jtlconnector/tests/jtltest/Connector/Feature/Feature/FeatureTest.php" line="52" assertions="1" time="0.000683"/>
    </testsuite>
    <testsuite name="ImageTest" file="/home/dsp/Projects/jtlconnector/tests/jtltest/Connector/Feature/Group/ImageTest.php" tests="2" assertions="5" failures="0" errors="0" time="0.005245">
      <testcase name="testGetRelations" class="ImageTest" file="/home/dsp/Projects/jtlconnector/tests/jtltest/Connector/Feature/Group/ImageTest.php" line="23" assertions="3" time="0.003975"/>
      <testcase name="testChildrens" class="ImageTest" file="/home/dsp/Projects/jtlconnector/tests/jtltest/Connector/Feature/Group/ImageTest.php" line="32" assertions="2" time="0.001270"/>
    </testsuite>
    <testsuite name="JsonTest" file="/home/dsp/Projects/jtlconnector/tests/jtltest/Connector/Feature/Importer/JsonTest.php" tests="3" assertions="4" failures="0" errors="0" time="0.009697">
      <testcase name="testDefaults" class="JsonTest" file="/home/dsp/Projects/jtlconnector/tests/jtltest/Connector/Feature/Importer/JsonTest.php" line="44" assertions="2" time="0.001680"/>
      <testcase name="testLoad" class="JsonTest" file="/home/dsp/Projects/jtlconnector/tests/jtltest/Connector/Feature/Importer/JsonTest.php" line="51" assertions="1" time="0.005954"/>
      <testcase name="testLoadException" class="JsonTest" file="/home/dsp/Projects/jtlconnector/tests/jtltest/Connector/Feature/Importer/JsonTest.php" line="59" assertions="1" time="0.002063"/>
    </testsuite>
    <testsuite name="ManagerTest" file="/home/dsp/Projects/jtlconnector/tests/jtltest/Connector/Feature/ManagerTest.php" tests="7" assertions="13" failures="0" errors="0" time="0.034082">
      <testcase name="testDefaults" class="ManagerTest" file="/home/dsp/Projects/jtlconnector/tests/jtltest/Connector/Feature/ManagerTest.php" line="23" assertions="2" time="0.006265"/>
      <testcase name="testRegisterParameters" class="ManagerTest" file="/home/dsp/Projects/jtlconnector/tests/jtltest/Connector/Feature/ManagerTest.php" line="32" assertions="2" time="0.003654"/>
      <testcase name="testRegisterMethods" class="ManagerTest" file="/home/dsp/Projects/jtlconnector/tests/jtltest/Connector/Feature/ManagerTest.php" line="52" assertions="2" time="0.003482"/>
      <testcase name="testCheckProducer" class="ManagerTest" file="/home/dsp/Projects/jtlconnector/tests/jtltest/Connector/Feature/ManagerTest.php" line="72" assertions="1" time="0.002364"/>
      <testcase name="testImport" class="ManagerTest" file="/home/dsp/Projects/jtlconnector/tests/jtltest/Connector/Feature/ManagerTest.php" line="84" assertions="2" time="0.009649"/>
      <testcase name="testExport" class="ManagerTest" file="/home/dsp/Projects/jtlconnector/tests/jtltest/Connector/Feature/ManagerTest.php" line="100" assertions="2" time="0.003131"/>
      <testcase name="testTransform" class="ManagerTest" file="/home/dsp/Projects/jtlconnector/tests/jtltest/Connector/Feature/ManagerTest.php" line="116" assertions="2" time="0.005537"/>
    </testsuite>
    <testsuite name="MethodTest" file="/home/dsp/Projects/jtlconnector/tests/jtltest/Connector/Feature/Method/BaseTest.php" tests="2" assertions="3" failures="0" errors="0" time="0.001582">
      <testcase name="testIsSupported" class="MethodTest" file="/home/dsp/Projects/jtlconnector/tests/jtltest/Connector/Feature/Method/BaseTest.php" line="21" assertions="2" time="0.000739"/>
      <testcase name="testComment" class="MethodTest" file="/home/dsp/Projects/jtlconnector/tests/jtltest/Connector/Feature/Method/BaseTest.php" line="28" assertions="1" time="0.000843"/>
    </testsuite>
    <testsuite name="ProducerTest" file="/home/dsp/Projects/jtlconnector/tests/jtltest/Connector/Feature/ProducerTest.php" tests="12" assertions="22" failures="0" errors="0" time="0.032027">
      <testcase name="testParseWithoutImporter" class="ProducerTest" file="/home/dsp/Projects/jtlconnector/tests/jtltest/Connector/Feature/ProducerTest.php" line="69" assertions="1" time="0.001612"/>
      <testcase name="testImportEmptyLoad" class="ProducerTest" file="/home/dsp/Projects/jtlconnector/tests/jtltest/Connector/Feature/ProducerTest.php" line="77" assertions="2" time="0.002495"/>
      <testcase name="testImportNoArrayLoad" class="ProducerTest" file="/home/dsp/Projects/jtlconnector/tests/jtltest/Connector/Feature/ProducerTest.php" line="88" assertions="2" time="0.002520"/>
      <testcase name="testImportNoFeatureKeyLoad" class="ProducerTest" file="/home/dsp/Projects/jtlconnector/tests/jtltest/Connector/Feature/ProducerTest.php" line="99" assertions="2" time="0.002473"/>
      <testcase name="testImportOk" class="ProducerTest" file="/home/dsp/Projects/jtlconnector/tests/jtltest/Connector/Feature/ProducerTest.php" line="107" assertions="1" time="0.003975"/>
      <testcase name="testExportOk" class="ProducerTest" file="/home/dsp/Projects/jtlconnector/tests/jtltest/Connector/Feature/ProducerTest.php" line="115" assertions="0" time="0.001187"/>
      <testcase name="testExtractLayersNoMethods" class="ProducerTest" file="/home/dsp/Projects/jtlconnector/tests/jtltest/Connector/Feature/ProducerTest.php" line="124" assertions="2" time="0.002598"/>
      <testcase name="testExtractLayersNoParameters" class="ProducerTest" file="/home/dsp/Projects/jtlconnector/tests/jtltest/Connector/Feature/ProducerTest.php" line="138" assertions="2" time="0.002624"/>
      <testcase name="testGetManager" class="ProducerTest" file="/home/dsp/Projects/jtlconnector/tests/jtltest/Connector/Feature/ProducerTest.php" line="148" assertions="1" time="0.001435"/>
      <testcase name="testGetGroups" class="ProducerTest" file="/home/dsp/Projects/jtlconnector/tests/jtltest/Connector/Feature/ProducerTest.php" line="153" assertions="3" time="0.003713"/>
      <testcase name="testGetFeatures" class="ProducerTest" file="/home/dsp/Projects/jtlconnector/tests/jtltest/Connector/Feature/ProducerTest.php" line="164" assertions="3" time="0.003697"/>
      <testcase name="testGetMethods" class="ProducerTest" file="/home/dsp/Projects/jtlconnector/tests/jtltest/Connector/Feature/ProducerTest.php" line="175" assertions="3" time="0.003698"/>
    </testsuite>
  </testsuite>
</testsuites>
